[debug] [2020-01-22T15:21:52.926Z] ----------------------------------------------------------------------
[debug] [2020-01-22T15:21:52.928Z] Command:       /usr/local/bin/node /Users/andy/.node/bin/firebase deploy
[debug] [2020-01-22T15:21:52.928Z] CLI Version:   7.11.0
[debug] [2020-01-22T15:21:52.928Z] Platform:      darwin
[debug] [2020-01-22T15:21:52.928Z] Node Version:  v10.16.0
[debug] [2020-01-22T15:21:52.935Z] Time:          Wed Jan 22 2020 15:21:52 GMT+0000 (Greenwich Mean Time)
[debug] [2020-01-22T15:21:52.935Z] ----------------------------------------------------------------------
[debug] [2020-01-22T15:21:52.935Z] 
[debug] [2020-01-22T15:21:52.947Z] > command requires scopes: ["email","openid","https://www.googleapis.com/auth/cloudplatformprojects.readonly","https://www.googleapis.com/auth/firebase","https://www.googleapis.com/auth/cloud-platform"]
[debug] [2020-01-22T15:21:52.947Z] > authorizing via signed-in user
[debug] [2020-01-22T15:21:52.948Z] [iam] checking project time-lock-token-escrow for permissions ["firebase.projects.get","firebasehosting.sites.update"]
[debug] [2020-01-22T15:21:52.949Z] >>> HTTP REQUEST POST https://cloudresourcemanager.googleapis.com/v1/projects/time-lock-token-escrow:testIamPermissions  

[debug] [2020-01-22T15:21:53.701Z] <<< HTTP RESPONSE 200
[debug] [2020-01-22T15:21:53.703Z] >>> HTTP REQUEST GET https://firebase.googleapis.com/v1beta1/projects/time-lock-token-escrow  
 
[debug] [2020-01-22T15:21:53.884Z] <<< HTTP RESPONSE 200
[info] 
[info] === Deploying to 'time-lock-token-escrow'...
[info] 
[info] i  deploying hosting
[debug] [2020-01-22T15:21:53.889Z] >>> HTTP REQUEST POST https://firebasehosting.googleapis.com/v1beta1/sites/time-lock-token-escrow/versions  

[debug] [2020-01-22T15:21:55.368Z] <<< HTTP RESPONSE 200
[info] i  hosting[time-lock-token-escrow]: beginning deploy...
[info] i  hosting[time-lock-token-escrow]: found 8 files in dist
[debug] [2020-01-22T15:21:55.387Z] [hosting] hash cache [ZGlzdA] stored for 8 files
[debug] [2020-01-22T15:21:55.387Z] [hosting][hash queue][FINAL]
[debug] [2020-01-22T15:21:55.387Z] >>> HTTP REQUEST POST https://firebasehosting.googleapis.com/v1beta1/sites/time-lock-token-escrow/versions/de46523634099d14:populateFiles  
 <request body omitted>
